0 info it worked if it ends with ok
1 verbose cli [ '/usr/bin/nodejs', '/usr/bin/npm', 'run', 'start' ]
2 info using npm@3.5.2
3 info using node@v4.2.6
4 verbose run-script [ 'prestart', 'start', 'poststart' ]
5 info lifecycle terrain@1.0.0~prestart: terrain@1.0.0
6 silly lifecycle terrain@1.0.0~prestart: no script for prestart, continuing
7 info lifecycle terrain@1.0.0~start: terrain@1.0.0
8 verbose lifecycle terrain@1.0.0~start: unsafe-perm in lifecycle true
9 verbose lifecycle terrain@1.0.0~start: PATH: /usr/share/npm/bin/node-gyp-bin:/home/host/scifair/web/node_modules/.bin:/root/anaconda3/envs/scifair/bin:/root/anaconda3/condabin:/usr/local/sbin:/usr/local/bin:/usr/sbin:/usr/bin:/sbin:/bin:/usr/games:/usr/local/games
10 verbose lifecycle terrain@1.0.0~start: CWD: /home/host/scifair/web
11 silly lifecycle terrain@1.0.0~start: Args: [ '-c', 'webpack --mode development' ]
12 silly lifecycle terrain@1.0.0~start: Returned: code: 126  signal: null
13 info lifecycle terrain@1.0.0~start: Failed to exec start script
14 verbose stack Error: terrain@1.0.0 start: `webpack --mode development`
14 verbose stack Exit status 126
14 verbose stack     at EventEmitter.<anonymous> (/usr/share/npm/lib/utils/lifecycle.js:232:16)
14 verbose stack     at emitTwo (events.js:87:13)
14 verbose stack     at EventEmitter.emit (events.js:172:7)
14 verbose stack     at ChildProcess.<anonymous> (/usr/share/npm/lib/utils/spawn.js:24:14)
14 verbose stack     at emitTwo (events.js:87:13)
14 verbose stack     at ChildProcess.emit (events.js:172:7)
14 verbose stack     at maybeClose (internal/child_process.js:821:16)
14 verbose stack     at Process.ChildProcess._handle.onexit (internal/child_process.js:211:5)
15 verbose pkgid terrain@1.0.0
16 verbose cwd /home/host/scifair/web
17 error Linux 4.4.0-131-generic
18 error argv "/usr/bin/nodejs" "/usr/bin/npm" "run" "start"
19 error node v4.2.6
20 error npm  v3.5.2
21 error code ELIFECYCLE
22 error terrain@1.0.0 start: `webpack --mode development`
22 error Exit status 126
23 error Failed at the terrain@1.0.0 start script 'webpack --mode development'.
23 error Make sure you have the latest version of node.js and npm installed.
23 error If you do, this is most likely a problem with the terrain package,
23 error not with npm itself.
23 error Tell the author that this fails on your system:
23 error     webpack --mode development
23 error You can get information on how to open an issue for this project with:
23 error     npm bugs terrain
23 error Or if that isn't available, you can get their info via:
23 error     npm owner ls terrain
23 error There is likely additional logging output above.
24 verbose exit [ 1, true ]
