Base path: 'C:/Program Files/Unity/Hub/Editor/2019.2.11f1/Editor/Data', plugins path 'C:/Program Files/Unity/Hub/Editor/2019.2.11f1/Editor/Data/PlaybackEngines'
Cmd: initializeCompiler
Cmd: compileComputeKernel
  error: 1 plat 4 at Rain3.compute(73): signed/unsigned mismatch, unsigned assumed
  error: 1 plat 4 at Rain3.compute(87): signed/unsigned mismatch, unsigned assumed
  error: 1 plat 4 at Rain3.compute(112): signed/unsigned mismatch, unsigned assumed
  api=4 insize=4018 outsize=224 ok=1
Cmd: compileComputeKernel
  error: 1 plat 4 at Rain3.compute(73): signed/unsigned mismatch, unsigned assumed
  error: 1 plat 4 at Rain3.compute(87): signed/unsigned mismatch, unsigned assumed
  error: 1 plat 4 at Rain3.compute(112): signed/unsigned mismatch, unsigned assumed
  api=4 insize=4020 outsize=3291 ok=1
Cmd: compileComputeKernel
  error: 1 plat 4 at Rain3.compute(73): signed/unsigned mismatch, unsigned assumed
  error: 1 plat 4 at Rain3.compute(87): signed/unsigned mismatch, unsigned assumed
  error: 1 plat 4 at Rain3.compute(112): signed/unsigned mismatch, unsigned assumed
  api=4 insize=4022 outsize=2826 ok=1
Cmd: compileComputeKernel
  error: 1 plat 4 at Rain3.compute(73): signed/unsigned mismatch, unsigned assumed
  error: 1 plat 4 at Rain3.compute(87): signed/unsigned mismatch, unsigned assumed
  error: 1 plat 4 at Rain3.compute(113): signed/unsigned mismatch, unsigned assumed
  api=4 insize=4013 outsize=1431 ok=1
Cmd: compileComputeKernel
  error: 1 plat 4 at Rain3.compute(73): signed/unsigned mismatch, unsigned assumed
  error: 1 plat 4 at Rain3.compute(87): signed/unsigned mismatch, unsigned assumed
  error: 1 plat 4 at Rain3.compute(116): signed/unsigned mismatch, unsigned assumed
  api=4 insize=4204 outsize=3291 ok=1
Cmd: compileComputeKernel
  error: 1 plat 4 at Rain3.compute(73): signed/unsigned mismatch, unsigned assumed
  error: 1 plat 4 at Rain3.compute(87): signed/unsigned mismatch, unsigned assumed
  error: 1 plat 4 at Rain3.compute(116): signed/unsigned mismatch, unsigned assumed
  api=4 insize=4190 outsize=3291 ok=1
Cmd: compileComputeKernel
  error: 1 plat 4 at Rain3.compute(73): signed/unsigned mismatch, unsigned assumed
  error: 1 plat 4 at Rain3.compute(87): signed/unsigned mismatch, unsigned assumed
  error: 1 plat 4 at Rain3.compute(116): signed/unsigned mismatch, unsigned assumed
  api=4 insize=4074 outsize=2826 ok=1
