Base path: '/home/jayinnn/2019.2.10f1/Editor/Data', plugins path '/home/jayinnn/2019.2.10f1/Editor/Data/PlaybackEngines'
Cmd: initializeCompiler
Cmd: compileComputeKernel
  error: 1 plat 15 at Rain3.compute(88): signed/unsigned mismatch, unsigned assumed
  error: 1 plat 15 at Rain3.compute(92): signed/unsigned mismatch, unsigned assumed
  error: 1 plat 15 at Rain3.compute(108): signed/unsigned mismatch, unsigned assumed
  api=15 insize=3861 outsize=5533 ok=1
Cmd: compileComputeKernel
  error: 1 plat 18 at Rain3.compute(88): signed/unsigned mismatch, unsigned assumed
  error: 1 plat 18 at Rain3.compute(92): signed/unsigned mismatch, unsigned assumed
  error: 1 plat 18 at Rain3.compute(108): signed/unsigned mismatch, unsigned assumed
  api=18 insize=3861 outsize=2762 ok=1
Cmd: compileComputeKernel
  error: 1 plat 18 at Rain3.compute(88): signed/unsigned mismatch, unsigned assumed
  error: 1 plat 18 at Rain3.compute(92): signed/unsigned mismatch, unsigned assumed
  error: 1 plat 18 at Rain3.compute(108): signed/unsigned mismatch, unsigned assumed
  api=18 insize=3861 outsize=10364 ok=1
Cmd: compileSnippet
  api=15 type=0 insize=944 outsize=3069 kw=UNITY_PASS_SHADOWCASTER SHADOWS_DEPTH pd=UNITY_ENABLE_REFLECTION_BUFFERS UNITY_USE_DITHER_MASK_FOR_ALPHABLENDED_SHADOWS UNITY_PBS_USE_BRDF1 UNITY_SPECCUBE_BOX_PROJECTION UNITY_SPECCUBE_BLENDING UNITY_ENABLE_DETAIL_NORMALMAP SHADER_API_DESKTOP UNITY_COLORSPACE_GAMMA UNITY_LIGHT_PROBE_PROXY_VOLUME UNITY_LIGHTMAP_FULL_HDR ok=1
Cmd: compileSnippet
  api=15 type=0 insize=7271 outsize=6542 kw=UNITY_PASS_SHADOWCASTER SHADOWS_DEPTH pd=UNITY_ENABLE_REFLECTION_BUFFERS UNITY_USE_DITHER_MASK_FOR_ALPHABLENDED_SHADOWS UNITY_PBS_USE_BRDF1 UNITY_SPECCUBE_BOX_PROJECTION UNITY_SPECCUBE_BLENDING UNITY_ENABLE_DETAIL_NORMALMAP SHADER_API_DESKTOP UNITY_COLORSPACE_GAMMA UNITY_LIGHT_PROBE_PROXY_VOLUME UNITY_LIGHTMAP_FULL_HDR ok=1
