Base path: 'C:/Program Files/Unity/Hub/Editor/2019.2.11f1/Editor/Data', plugins path 'C:/Program Files/Unity/Hub/Editor/2019.2.11f1/Editor/Data/PlaybackEngines'
Cmd: initializeCompiler
Cmd: preprocessCompute
  insize=4001 outsize=4010 ok=1
Cmd: preprocessCompute
  insize=4028 outsize=4037 ok=1
Cmd: compileComputeKernel
  error: 1 plat 4 at Rain3.compute(89): signed/unsigned mismatch, unsigned assumed
  error: 1 plat 4 at Rain3.compute(93): signed/unsigned mismatch, unsigned assumed
  error: 1 plat 4 at Rain3.compute(109): signed/unsigned mismatch, unsigned assumed
  api=4 insize=4037 outsize=682 ok=1
Cmd: preprocessCompute
  insize=4006 outsize=4015 ok=1
Cmd: compileComputeKernel
  error: 1 plat 4 at Rain3.compute(72): signed/unsigned mismatch, unsigned assumed
  error: 1 plat 4 at Rain3.compute(86): signed/unsigned mismatch, unsigned assumed
  error: 1 plat 4 at Rain3.compute(112): signed/unsigned mismatch, unsigned assumed
  api=4 insize=4015 outsize=682 ok=1
Cmd: preprocessCompute
  insize=4009 outsize=4018 ok=1
Cmd: preprocessCompute
  insize=4023 outsize=4032 ok=1
Cmd: compileComputeKernel
  error: 1 plat 4 at Rain3.compute(72): signed/unsigned mismatch, unsigned assumed
  error: 1 plat 4 at Rain3.compute(86): signed/unsigned mismatch, unsigned assumed
  error: 1 plat 4 at Rain3.compute(112): signed/unsigned mismatch, unsigned assumed
  api=4 insize=4032 outsize=682 ok=1
Cmd: preprocessCompute
  insize=4075 outsize=4084 ok=1
Cmd: compileComputeKernel
  error: 1 plat 4 at Rain3.compute(72): signed/unsigned mismatch, unsigned assumed
  error: 1 plat 4 at Rain3.compute(86): signed/unsigned mismatch, unsigned assumed
  error: 1 plat 4 at Rain3.compute(112): signed/unsigned mismatch, unsigned assumed
  api=4 insize=4084 outsize=682 ok=1
Cmd: preprocessCompute
  insize=4030 outsize=4039 ok=1
Cmd: compileComputeKernel
  error: 1 plat 4 at Rain3.compute(72): signed/unsigned mismatch, unsigned assumed
  error: 1 plat 4 at Rain3.compute(86): signed/unsigned mismatch, unsigned assumed
  error: 1 plat 4 at Rain3.compute(112): signed/unsigned mismatch, unsigned assumed
  api=4 insize=4039 outsize=682 ok=1
Cmd: preprocessCompute
  insize=4011 outsize=4020 ok=1
Cmd: compileComputeKernel
  error: 1 plat 4 at Rain3.compute(72): signed/unsigned mismatch, unsigned assumed
  error: 1 plat 4 at Rain3.compute(86): signed/unsigned mismatch, unsigned assumed
  error: 1 plat 4 at Rain3.compute(111): signed/unsigned mismatch, unsigned assumed
  api=4 insize=4020 outsize=682 ok=1
Cmd: preprocessCompute
  insize=4015 outsize=4024 ok=1
Cmd: compileComputeKernel
  error: 1 plat 4 at Rain3.compute(72): signed/unsigned mismatch, unsigned assumed
  error: 1 plat 4 at Rain3.compute(86): signed/unsigned mismatch, unsigned assumed
  api=4 insize=4024 outsize=682 ok=1
Cmd: preprocessCompute
  insize=4021 outsize=4030 ok=1
Cmd: compileComputeKernel
  error: 1 plat 4 at Rain3.compute(72): signed/unsigned mismatch, unsigned assumed
  error: 1 plat 4 at Rain3.compute(86): signed/unsigned mismatch, unsigned assumed
  error: 1 plat 4 at Rain3.compute(111): signed/unsigned mismatch, unsigned assumed
  api=4 insize=4030 outsize=682 ok=1
Cmd: preprocessCompute
  insize=4027 outsize=4036 ok=1
Cmd: compileComputeKernel
  error: 1 plat 4 at Rain3.compute(72): signed/unsigned mismatch, unsigned assumed
  error: 1 plat 4 at Rain3.compute(86): signed/unsigned mismatch, unsigned assumed
  error: 1 plat 4 at Rain3.compute(111): signed/unsigned mismatch, unsigned assumed
  api=4 insize=4036 outsize=682 ok=1
Cmd: preprocessCompute
  insize=4023 outsize=4032 ok=1
Cmd: compileComputeKernel
  error: 1 plat 4 at Rain3.compute(72): signed/unsigned mismatch, unsigned assumed
  error: 1 plat 4 at Rain3.compute(86): signed/unsigned mismatch, unsigned assumed
  error: 1 plat 4 at Rain3.compute(111): signed/unsigned mismatch, unsigned assumed
  api=4 insize=4032 outsize=682 ok=1
Cmd: preprocessCompute
  insize=4000 outsize=4009 ok=1
Cmd: compileComputeKernel
  error: 1 plat 4 at Rain3.compute(72): signed/unsigned mismatch, unsigned assumed
  error: 1 plat 4 at Rain3.compute(86): signed/unsigned mismatch, unsigned assumed
  error: 1 plat 4 at Rain3.compute(111): signed/unsigned mismatch, unsigned assumed
  api=4 insize=4009 outsize=682 ok=1
Cmd: preprocessCompute
  insize=4004 outsize=4013 ok=1
Cmd: compileComputeKernel
  error: 1 plat 4 at Rain3.compute(72): signed/unsigned mismatch, unsigned assumed
  error: 1 plat 4 at Rain3.compute(86): signed/unsigned mismatch, unsigned assumed
  error: 1 plat 4 at Rain3.compute(111): signed/unsigned mismatch, unsigned assumed
  api=4 insize=4013 outsize=682 ok=1
Cmd: preprocessCompute
  insize=4004 outsize=4013 ok=1
Cmd: compileComputeKernel
  error: 1 plat 4 at Rain3.compute(111): signed/unsigned mismatch, unsigned assumed
  api=4 insize=4013 outsize=682 ok=1
Cmd: preprocessCompute
  insize=4000 outsize=4009 ok=1
Cmd: preprocessCompute
  insize=4010 outsize=4019 ok=1
Cmd: compileComputeKernel
  error: 1 plat 4 at Rain3.compute(112): signed/unsigned mismatch, unsigned assumed
  api=4 insize=4019 outsize=682 ok=1
Cmd: preprocessCompute
  insize=4010 outsize=4019 ok=1
Cmd: compileComputeKernel
  error: 1 plat 4 at Rain3.compute(87): signed/unsigned mismatch, unsigned assumed
  error: 1 plat 4 at Rain3.compute(112): signed/unsigned mismatch, unsigned assumed
  api=4 insize=4019 outsize=682 ok=1
Cmd: preprocessCompute
  insize=4010 outsize=4019 ok=1
Cmd: compileComputeKernel
  error: 1 plat 4 at Rain3.compute(73): signed/unsigned mismatch, unsigned assumed
  error: 1 plat 4 at Rain3.compute(87): signed/unsigned mismatch, unsigned assumed
  error: 1 plat 4 at Rain3.compute(112): signed/unsigned mismatch, unsigned assumed
  api=4 insize=4019 outsize=682 ok=1
Cmd: preprocessCompute
  insize=4010 outsize=4019 ok=1
Cmd: compileComputeKernel
  error: 1 plat 4 at Rain3.compute(73): signed/unsigned mismatch, unsigned assumed
  error: 1 plat 4 at Rain3.compute(112): signed/unsigned mismatch, unsigned assumed
  api=4 insize=4019 outsize=682 ok=1
Cmd: preprocessCompute
  insize=4010 outsize=4019 ok=1
Cmd: compileComputeKernel
  error: 1 plat 4 at Rain3.compute(112): signed/unsigned mismatch, unsigned assumed
  api=4 insize=4019 outsize=682 ok=1
Cmd: preprocessCompute
  insize=4006 outsize=4015 ok=1
Cmd: compileComputeKernel
  error: 1 plat 4 at Rain3.compute(73): signed/unsigned mismatch, unsigned assumed
  error: 1 plat 4 at Rain3.compute(87): signed/unsigned mismatch, unsigned assumed
  error: 1 plat 4 at Rain3.compute(112): signed/unsigned mismatch, unsigned assumed
  api=4 insize=4015 outsize=682 ok=1
Cmd: preprocessCompute
  insize=4009 outsize=4018 ok=1
Cmd: compileComputeKernel
  error: 1 plat 4 at Rain3.compute(73): signed/unsigned mismatch, unsigned assumed
  error: 1 plat 4 at Rain3.compute(87): signed/unsigned mismatch, unsigned assumed
  error: 1 plat 4 at Rain3.compute(112): signed/unsigned mismatch, unsigned assumed
  api=4 insize=4018 outsize=682 ok=1
Cmd: preprocessCompute
  insize=4015 outsize=4024 ok=1
Cmd: compileComputeKernel
  error: 2 plat 4 at Rain3.compute(22): syntax error: unexpected token ';'
  error: 2 plat 4 at Rain3.compute(25): syntax error: unexpected token ']'
  error: 2 plat 4 at Rain3.compute(30): undeclared identifier 'i'
  api=4 insize=4024 outsize=0 ok=0
Cmd: preprocessCompute
  insize=4009 outsize=4018 ok=1
Cmd: preprocessCompute
  insize=4009 outsize=4018 ok=1
Cmd: compileComputeKernel
  error: 1 plat 4 at Rain3.compute(73): signed/unsigned mismatch, unsigned assumed
  error: 1 plat 4 at Rain3.compute(87): signed/unsigned mismatch, unsigned assumed
  error: 1 plat 4 at Rain3.compute(112): signed/unsigned mismatch, unsigned assumed
  error: 2 plat 4 at Rain3.compute(117): syntax error: unexpected token '/'
  error: 2 plat 4 at Rain3.compute(119): undeclared identifier 'i2'
  api=4 insize=4018 outsize=0 ok=0
Cmd: preprocessCompute
  insize=4009 outsize=4018 ok=1
Cmd: compileComputeKernel
  error: 1 plat 4 at Rain3.compute(73): signed/unsigned mismatch, unsigned assumed
  error: 1 plat 4 at Rain3.compute(87): signed/unsigned mismatch, unsigned assumed
  error: 1 plat 4 at Rain3.compute(112): signed/unsigned mismatch, unsigned assumed
  api=4 insize=4018 outsize=682 ok=1
Cmd: preprocessCompute
  insize=4009 outsize=4018 ok=1
Cmd: compileComputeKernel
  error: 1 plat 4 at Rain3.compute(73): signed/unsigned mismatch, unsigned assumed
  error: 1 plat 4 at Rain3.compute(87): signed/unsigned mismatch, unsigned assumed
  error: 1 plat 4 at Rain3.compute(112): signed/unsigned mismatch, unsigned assumed
  api=4 insize=4018 outsize=682 ok=1
Cmd: preprocessCompute
  insize=3963 outsize=3972 ok=1
Cmd: compileComputeKernel
  error: 1 plat 4 at Rain3.compute(73): signed/unsigned mismatch, unsigned assumed
  error: 1 plat 4 at Rain3.compute(87): signed/unsigned mismatch, unsigned assumed
  error: 1 plat 4 at Rain3.compute(112): signed/unsigned mismatch, unsigned assumed
  api=4 insize=3972 outsize=682 ok=1
Cmd: preprocessCompute
  insize=3906 outsize=3915 ok=1
Cmd: compileComputeKernel
  error: 1 plat 4 at Rain3.compute(73): signed/unsigned mismatch, unsigned assumed
  error: 1 plat 4 at Rain3.compute(87): signed/unsigned mismatch, unsigned assumed
  error: 1 plat 4 at Rain3.compute(112): signed/unsigned mismatch, unsigned assumed
  api=4 insize=3915 outsize=682 ok=1
Cmd: preprocessCompute
  insize=4013 outsize=4022 ok=1
Cmd: compileComputeKernel
  error: 1 plat 4 at Rain3.compute(73): signed/unsigned mismatch, unsigned assumed
  error: 1 plat 4 at Rain3.compute(87): signed/unsigned mismatch, unsigned assumed
  error: 1 plat 4 at Rain3.compute(112): signed/unsigned mismatch, unsigned assumed
  api=4 insize=4022 outsize=682 ok=1
Cmd: preprocessCompute
  insize=4011 outsize=4020 ok=1
Cmd: compileComputeKernel
  error: 1 plat 4 at Rain3.compute(73): signed/unsigned mismatch, unsigned assumed
  error: 1 plat 4 at Rain3.compute(87): signed/unsigned mismatch, unsigned assumed
  error: 1 plat 4 at Rain3.compute(112): signed/unsigned mismatch, unsigned assumed
  api=4 insize=4020 outsize=682 ok=1
Cmd: preprocessCompute
  insize=4015 outsize=4024 ok=1
Cmd: compileComputeKernel
  error: 1 plat 4 at Rain3.compute(73): signed/unsigned mismatch, unsigned assumed
  error: 1 plat 4 at Rain3.compute(87): signed/unsigned mismatch, unsigned assumed
  error: 1 plat 4 at Rain3.compute(112): signed/unsigned mismatch, unsigned assumed
  error: 2 plat 4 at Rain3.compute(145): undeclared identifier 'dis'
  api=4 insize=4024 outsize=0 ok=0
Cmd: preprocessCompute
  insize=4019 outsize=4028 ok=1
Cmd: compileComputeKernel
  error: 1 plat 4 at Rain3.compute(73): signed/unsigned mismatch, unsigned assumed
  error: 1 plat 4 at Rain3.compute(87): signed/unsigned mismatch, unsigned assumed
  error: 1 plat 4 at Rain3.compute(112): signed/unsigned mismatch, unsigned assumed
  api=4 insize=4028 outsize=682 ok=1
